Build started 2015-11-16 18:05:19.
     1>Project "C:\Users\Simpe\Dropbox\Bachelor Thesis\ParticleSimulationGPU\ParticleSimulationGPU\ParticleSimulationGPU\ParticleSimulationGPU.vcxproj" on node 2 (Build target(s)).
     1>C:\Program Files (x86)\MSBuild\Microsoft.Cpp\v4.0\V120\Microsoft.CppBuild.targets(388,5): warning MSB8028: The intermediate directory (Debug\) contains files shared from another project (ParticleSimulationGPU (Konfliktkopia för SimpeLaptop 2015-08-24).vcxproj).  This can lead to incorrect clean and rebuild behavior.
     1>ClCompile:
         C:\Program Files (x86)\Microsoft Visual Studio 13.0\VC\bin\CL.exe /c /ZI /nologo /W3 /WX- /sdl /Od /Oy- /D _MBCS /Gm /EHsc /RTC1 /MDd /GS /fp:precise /Zc:wchar_t /Zc:forScope /Fo"Debug\\" /Fd"Debug\vc120.pdb" /Gd /TP /analyze- /errorReport:prompt Code\Source\Camera.cpp Code\Source\D3DApp.cpp Code\Source\ParticleSystem.cpp Code\Source\Scene.cpp Code\Source\Timer.cpp Code\Source\main.cpp
         Camera.cpp
         Generating Code...
         Compiling...
         main.cpp
         Timer.cpp
         Scene.cpp
         ParticleSystem.cpp
     1>c:\users\simpe\dropbox\bachelor thesis\particlesimulationgpu\particlesimulationgpu\particlesimulationgpu\code\source\particlesystem.cpp(183): warning C4244: 'argument' : conversion from 'int' to 'float', possible loss of data
     1>c:\users\simpe\dropbox\bachelor thesis\particlesimulationgpu\particlesimulationgpu\particlesimulationgpu\code\source\particlesystem.cpp(280): warning C4244: 'argument' : conversion from 'time_t' to 'unsigned int', possible loss of data
         D3DApp.cpp
         Generating Code...
       Link:
         C:\Program Files (x86)\Microsoft Visual Studio 13.0\VC\bin\link.exe /ERRORREPORT:PROMPT /OUT:"C:\Users\Simpe\Dropbox\Bachelor Thesis\ParticleSimulationGPU\ParticleSimulationGPU\Debug\ParticleSimulationGPU.exe" /INCREMENTAL /NOLOGO kernel32.lib user32.lib gdi32.lib winspool.lib comdlg32.lib advapi32.lib shell32.lib ole32.lib oleaut32.lib uuid.lib odbc32.lib odbccp32.lib /MANIFEST /MANIFESTUAC:"level='asInvoker' uiAccess='false'" /manifest:embed /DEBUG /PDB:"C:\Users\Simpe\Dropbox\Bachelor Thesis\ParticleSimulationGPU\ParticleSimulationGPU\Debug\ParticleSimulationGPU.pdb" /TLBID:1 /DYNAMICBASE /NXCOMPAT /IMPLIB:"C:\Users\Simpe\Dropbox\Bachelor Thesis\ParticleSimulationGPU\ParticleSimulationGPU\Debug\ParticleSimulationGPU.lib" /MACHINE:X86 Debug\Camera.obj
         Debug\D3DApp.obj
         Debug\main.obj
         Debug\ParticleSystem.obj
         Debug\Scene.obj
         Debug\Timer.obj
         ParticleSimulationGPU.vcxproj -> C:\Users\Simpe\Dropbox\Bachelor Thesis\ParticleSimulationGPU\ParticleSimulationGPU\Debug\ParticleSimulationGPU.exe
     1>Done Building Project "C:\Users\Simpe\Dropbox\Bachelor Thesis\ParticleSimulationGPU\ParticleSimulationGPU\ParticleSimulationGPU\ParticleSimulationGPU.vcxproj" (Build target(s)).

Build succeeded.

Time Elapsed 00:00:04.14
