c:\users\simpe\dropbox\bachelor thesis\particlesimulationgpu\particlesimulationgpu\particlesimulationgpu\debug\vc120.pdb
c:\users\simpe\dropbox\bachelor thesis\particlesimulationgpu\particlesimulationgpu\particlesimulationgpu\debug\vc120.idb
c:\users\simpe\dropbox\bachelor thesis\particlesimulationgpu\particlesimulationgpu\particlesimulationgpu\debug\camera.obj
c:\users\simpe\dropbox\bachelor thesis\particlesimulationgpu\particlesimulationgpu\particlesimulationgpu\debug\d3dapp.obj
c:\users\simpe\dropbox\bachelor thesis\particlesimulationgpu\particlesimulationgpu\particlesimulationgpu\debug\particlesystem.obj
c:\users\simpe\dropbox\bachelor thesis\particlesimulationgpu\particlesimulationgpu\particlesimulationgpu\debug\scene.obj
c:\users\simpe\dropbox\bachelor thesis\particlesimulationgpu\particlesimulationgpu\particlesimulationgpu\debug\timer.obj
c:\users\simpe\dropbox\bachelor thesis\particlesimulationgpu\particlesimulationgpu\particlesimulationgpu\debug\main.obj
c:\users\simpe\dropbox\bachelor thesis\particlesimulationgpu\particlesimulationgpu\debug\particlesimulationgpu.ilk
c:\users\simpe\dropbox\bachelor thesis\particlesimulationgpu\particlesimulationgpu\debug\particlesimulationgpu.exe
c:\users\simpe\dropbox\bachelor thesis\particlesimulationgpu\particlesimulationgpu\debug\particlesimulationgpu.pdb
c:\users\simpe\dropbox\bachelor thesis\particlesimulationgpu\particlesimulationgpu\particlesimulationgpu\debug\particle.9c63b951.tlog\cl.command.1.tlog
c:\users\simpe\dropbox\bachelor thesis\particlesimulationgpu\particlesimulationgpu\particlesimulationgpu\debug\particle.9c63b951.tlog\cl.read.1.tlog
c:\users\simpe\dropbox\bachelor thesis\particlesimulationgpu\particlesimulationgpu\particlesimulationgpu\debug\particle.9c63b951.tlog\cl.write.1.tlog
c:\users\simpe\dropbox\bachelor thesis\particlesimulationgpu\particlesimulationgpu\particlesimulationgpu\debug\particle.9c63b951.tlog\fxc.command.1.tlog
c:\users\simpe\dropbox\bachelor thesis\particlesimulationgpu\particlesimulationgpu\particlesimulationgpu\debug\particle.9c63b951.tlog\fxc.read.1.tlog
c:\users\simpe\dropbox\bachelor thesis\particlesimulationgpu\particlesimulationgpu\particlesimulationgpu\debug\particle.9c63b951.tlog\fxc.write.1.tlog
c:\users\simpe\dropbox\bachelor thesis\particlesimulationgpu\particlesimulationgpu\particlesimulationgpu\debug\particle.9c63b951.tlog\link.command.1.tlog
c:\users\simpe\dropbox\bachelor thesis\particlesimulationgpu\particlesimulationgpu\particlesimulationgpu\debug\particle.9c63b951.tlog\link.read.1.tlog
c:\users\simpe\dropbox\bachelor thesis\particlesimulationgpu\particlesimulationgpu\particlesimulationgpu\debug\particle.9c63b951.tlog\link.write.1.tlog
